<?xml version="1.0" encoding="UTF-8"?>
<!-- Generated by org.testng.reporters.JUnitReportReporter -->
<testsuite hostname="Cloudmunch-VAIO" name="Registration_ExistingUser" tests="1" failures="0" timestamp="16 Nov 2014 17:28:03 GMT" time="55.427" errors="0">
  <testcase name="Registration_ExistingUser_main" time="55.427" classname="Registration_ExistingUser"/>
</testsuite> <!-- Registration_ExistingUser -->
