<?xml version="1.0" encoding="UTF-8"?>
<!-- Generated by org.testng.reporters.JUnitReportReporter -->
<testsuite hostname="Cloudmunch-VAIO" name="InvalidLogin" tests="1" failures="0" timestamp="16 Nov 2014 17:00:14 GMT" time="56.266" errors="0">
  <testcase name="InvalidLogin_main" time="56.266" classname="InvalidLogin"/>
</testsuite> <!-- InvalidLogin -->
