<?xml version="1.0" encoding="UTF-8"?>
<!-- Generated by org.testng.reporters.JUnitReportReporter -->
<testsuite hostname="Cloudmunch-VAIO" name="Register" tests="1" failures="0" timestamp="16 Nov 2014 17:24:27 GMT" time="54.756" errors="0">
  <testcase name="Register_main" time="54.756" classname="Register"/>
</testsuite> <!-- Register -->
