<?xml version="1.0" encoding="UTF-8"?>
<!-- Generated by org.testng.reporters.JUnitReportReporter -->
<testsuite hostname="Cloudmunch-VAIO" name="PostUpdate" tests="1" failures="0" timestamp="16 Nov 2014 17:13:53 GMT" time="85.299" errors="0">
  <testcase name="PostUpdate_main" time="85.299" classname="PostUpdate"/>
</testsuite> <!-- PostUpdate -->
