<?xml version="1.0" encoding="UTF-8"?>
<!-- Generated by org.testng.reporters.JUnitReportReporter -->
<testsuite hostname="Cloudmunch-VAIO" name="UploadMediaFile" tests="1" failures="0" timestamp="17 Nov 2014 07:06:56 GMT" time="91.728" errors="0">
  <testcase name="UploadMediaFile_main" time="91.728" classname="UploadMediaFile"/>
</testsuite> <!-- UploadMediaFile -->
