<?xml version="1.0" encoding="UTF-8"?>
<!-- Generated by org.testng.reporters.JUnitReportReporter -->
<testsuite hostname="Cloudmunch-VAIO" name="UploadMediaURL" tests="1" failures="0" timestamp="17 Nov 2014 07:13:38 GMT" time="80.864" errors="0">
  <testcase name="UploadMediaURL_main" time="80.864" classname="UploadMediaURL"/>
</testsuite> <!-- UploadMediaURL -->
