<?xml version="1.0" encoding="UTF-8"?>
<!-- Generated by org.testng.reporters.JUnitReportReporter -->
<testsuite hostname="Cloudmunch-VAIO" name="Login" tests="1" failures="0" timestamp="16 Nov 2014 16:48:15 GMT" time="103.286" errors="0">
  <testcase name="Login_main" time="103.286" classname="Login"/>
</testsuite> <!-- Login -->
