<?xml version="1.0" encoding="UTF-8"?>
<!-- Generated by org.testng.reporters.JUnitReportReporter -->
<testsuite hostname="Cloudmunch-VAIO" name="profileupdate" tests="1" failures="0" timestamp="16 Nov 2014 17:20:55 GMT" time="70.136" errors="0">
  <testcase name="profileupdate_main" time="70.136" classname="profileupdate"/>
</testsuite> <!-- profileupdate -->
