<?xml version="1.0" encoding="UTF-8"?>
<!-- Generated by org.testng.reporters.JUnitReportReporter -->
<testsuite hostname="Cloudmunch-VAIO" name="UploadPrivatePost" tests="1" failures="0" timestamp="16 Nov 2014 17:43:09 GMT" time="124.230" errors="0">
  <testcase name="UploadPrivatePost_main" time="124.230" classname="UploadPrivatePost"/>
</testsuite> <!-- UploadPrivatePost -->
